============================================================
  Generated by:           Genus(TM) Synthesis Solution 23.10-p004_1
  Generated on:           Feb 15 2026  09:22:56 pm
  Module:                 top_addersubtractor
  Library domain:         slow
    Domain index:         0
    Technology libraries: sg13g2_stdcell_slow_1p08V_125C $Revision: 0.1.3 $
                          sg13g2_io_slow_1p08V_3p0V_125C $Revision: 0.0.1 $
                          physical_cells 
  Library domain:         fast
    Domain index:         1
    Technology libraries: sg13g2_stdcell_fast_1p32V_m40C $Revision: 0.1.3 $
                          sg13g2_io_fast_1p32V_3p6V_m40C $Revision: 0.0.1 $
                          physical_cells 
  Library domain:         typ
    Domain index:         2
    Technology libraries: sg13g2_stdcell_typ_1p20V_25C $Revision: 0.1.3 $
                          sg13g2_io_typ_1p2V_3p3V_25C $Revision: 0.0.1 $
                          physical_cells 
  Operating conditions:   sg13g2_stdcell_slow_1p08V_125C 
  Operating conditions:   sg13g2_stdcell_fast_1p32V_m40C 
  Operating conditions:   sg13g2_stdcell_typ_1p20V_25C 
  Interconnect mode:      global
  Area mode:              physical library
============================================================

Timing
--------

Clock  Period 
--------------
clk   10000.0 


  Cost    Critical         Violating 
 Group   Path Slack  TNS     Paths   
-------------------------------------
clk          4756.3   0.0          0 
default    No paths   0.0            
-------------------------------------
Total                 0.0          0 

Instance Count
--------------
Leaf Instance Count             230 
Physical Instance count           0 
Sequential Instance Count        51 
Combinational Instance Count    179 
Hierarchical Instance Count       3 

Area
----
Cell Area                          954271.930
Physical Cell Area                 0.000
Total Cell Area (Cell+Physical)    954271.930
Net Area                           1100.658
Total Area (Cell+Physical+Net)     955372.588

Runtime                            0.0 seconds
Elapsed Runtime                    54 seconds
Genus peak memory usage            1636.03 
Innovus peak memory usage          no_value 
Hostname                           localhost
