============================================================
  Generated by:           Genus(TM) Synthesis Solution 23.10-p004_1
  Generated on:           Feb 15 2026  09:22:55 pm
  Module:                 top_addersubtractor
  Library domain:         slow
    Domain index:         0
    Technology libraries: sg13g2_stdcell_slow_1p08V_125C $Revision: 0.1.3 $
                          sg13g2_io_slow_1p08V_3p0V_125C $Revision: 0.0.1 $
                          physical_cells 
  Library domain:         fast
    Domain index:         1
    Technology libraries: sg13g2_stdcell_fast_1p32V_m40C $Revision: 0.1.3 $
                          sg13g2_io_fast_1p32V_3p6V_m40C $Revision: 0.0.1 $
                          physical_cells 
  Library domain:         typ
    Domain index:         2
    Technology libraries: sg13g2_stdcell_typ_1p20V_25C $Revision: 0.1.3 $
                          sg13g2_io_typ_1p2V_3p3V_25C $Revision: 0.0.1 $
                          physical_cells 
  Operating conditions:   sg13g2_stdcell_slow_1p08V_125C 
  Operating conditions:   sg13g2_stdcell_fast_1p32V_m40C 
  Operating conditions:   sg13g2_stdcell_typ_1p20V_25C 
  Interconnect mode:      global
  Area mode:              physical library
============================================================

                                            Leakage                                    Library 
       Gate         Instances     Area    Power (nW)              Library               Domain 
-----------------------------------------------------------------------------------------------
sg13g2_Corner               4  129600.000      0.000    physical_cells                    fast 
sg13g2_IOPadIOVdd           1   14400.000      7.678    sg13g2_io_fast_1p32V_3p6V_m40C    fast 
sg13g2_IOPadIOVss           1   14400.000      0.002    sg13g2_io_fast_1p32V_3p6V_m40C    fast 
sg13g2_IOPadIn             36  518400.000     18.447    sg13g2_io_fast_1p32V_3p6V_m40C    fast 
sg13g2_IOPadOut4mA         17  244800.000     21.591    sg13g2_io_fast_1p32V_3p6V_m40C    fast 
sg13g2_IOPadVdd             1   14400.000      0.000    sg13g2_io_fast_1p32V_3p6V_m40C    fast 
sg13g2_IOPadVss             1   14400.000      0.001    sg13g2_io_fast_1p32V_3p6V_m40C    fast 
sg13g2_a21o_1               1      12.701      0.359    sg13g2_stdcell_fast_1p32V_m40C    fast 
sg13g2_a21oi_1              5      45.360      1.442    sg13g2_stdcell_fast_1p32V_m40C    fast 
sg13g2_a221oi_1             1      14.515      0.436    sg13g2_stdcell_fast_1p32V_m40C    fast 
sg13g2_a22oi_1              1      10.886      0.356    sg13g2_stdcell_fast_1p32V_m40C    fast 
sg13g2_and2_1               8      72.576      2.278    sg13g2_stdcell_fast_1p32V_m40C    fast 
sg13g2_and4_1               1      14.515      0.362    sg13g2_stdcell_fast_1p32V_m40C    fast 
sg13g2_buf_1                4      29.030      0.814    sg13g2_stdcell_fast_1p32V_m40C    fast 
sg13g2_dfrbpq_1            51    2498.429     53.778    sg13g2_stdcell_fast_1p32V_m40C    fast 
sg13g2_inv_1                1       5.443      0.118    sg13g2_stdcell_fast_1p32V_m40C    fast 
sg13g2_mux2_1              16     290.304      8.941    sg13g2_stdcell_fast_1p32V_m40C    fast 
sg13g2_nand2_1              7      50.803      1.291    sg13g2_stdcell_fast_1p32V_m40C    fast 
sg13g2_nand2b_1             7      63.504      2.173    sg13g2_stdcell_fast_1p32V_m40C    fast 
sg13g2_nor2_1               8      58.061      1.584    sg13g2_stdcell_fast_1p32V_m40C    fast 
sg13g2_nor2b_1              8      72.576      2.187    sg13g2_stdcell_fast_1p32V_m40C    fast 
sg13g2_o21ai_1              7      63.504      2.356    sg13g2_stdcell_fast_1p32V_m40C    fast 
sg13g2_or2_1               10      90.720      2.404    sg13g2_stdcell_fast_1p32V_m40C    fast 
sg13g2_xnor2_1             17     246.758      7.489    sg13g2_stdcell_fast_1p32V_m40C    fast 
sg13g2_xor2_1              16     232.243      6.524    sg13g2_stdcell_fast_1p32V_m40C    fast 
-----------------------------------------------------------------------------------------------
total                     230  954271.930    142.612                                   


                                                                  Leakage  Leakage 
            Library            Instances Instances %    Area    Power (nW) Power % 
-----------------------------------------------------------------------------------
physical_cells                         4         1.7 129600.000      0.000     0.0 
sg13g2_io_fast_1p32V_3p6V_m40C        57        24.8 820800.000     47.719    33.5 
sg13g2_stdcell_fast_1p32V_m40C       169        73.5   3871.930     94.892    66.5 

                                             Leakage  Leakage 
     Type      Instances    Area    Area % Power (nW) Power % 
--------------------------------------------------------------
timing_model          57 820800.000   86.0     47.719    33.5 
sequential            51   2498.429    0.3     53.778    37.7 
inverter               1      5.443    0.0      0.118     0.1 
buffer                 4     29.030    0.0      0.814     0.6 
logic                117 130939.027   13.7     40.182    28.2 
physical_cells         0      0.000    0.0      0.000     0.0 
--------------------------------------------------------------
total                230 954271.930  100.0    142.612   100.0 

