============================================================
  Generated by:           Genus(TM) Synthesis Solution 23.10-p004_1
  Generated on:           Feb 15 2026  10:01:24 pm
  Module:                 top_addersubtractor
  Library domain:         slow
    Domain index:         0
    Technology libraries: sg13g2_stdcell_slow_1p08V_125C $Revision: 0.1.3 $
                          sg13g2_io_slow_1p08V_3p0V_125C $Revision: 0.0.1 $
                          physical_cells 
  Library domain:         fast
    Domain index:         1
    Technology libraries: sg13g2_stdcell_fast_1p32V_m40C $Revision: 0.1.3 $
                          sg13g2_io_fast_1p32V_3p6V_m40C $Revision: 0.0.1 $
                          physical_cells 
  Library domain:         typ
    Domain index:         2
    Technology libraries: sg13g2_stdcell_typ_1p20V_25C $Revision: 0.1.3 $
                          sg13g2_io_typ_1p2V_3p3V_25C $Revision: 0.0.1 $
                          physical_cells 
  Operating conditions:   sg13g2_stdcell_slow_1p08V_125C 
  Operating conditions:   sg13g2_stdcell_fast_1p32V_m40C 
  Operating conditions:   sg13g2_stdcell_typ_1p20V_25C 
  Interconnect mode:      global
  Area mode:              physical library
============================================================

      Instance           Module      Cell-Count  Cell-Area  Net-Area   Total-Area 
----------------------------------------------------------------------------------
top_addersubtractor NA                      230 954271.930  1100.658   955372.588 
  core_logic        addersubtractor         169   3871.930   857.657     4729.587 
    multiplexer     mux2to1_k16              18    304.819    36.455      341.275 
    nbit_adder      adderk_k16               80    801.965   355.017     1156.982 
