

Working Directory = /home/ducnm.23ce/Documents/design_addersub
QoS Summary for top_addersubtractor
================================================================================
Metric                          final          
================================================================================
Slack (ps):                     4,756
  R2R (ps):                     4,756
  I2R (ps):                     6,851
  R2O (ps):                     5,108
  I2O (ps):                  no_value
  CG  (ps):                  no_value
TNS (ps):                           0
  R2R (ps):                         0
  I2R (ps):                         0
  R2O (ps):                         0
  I2O (ps):                  no_value
  CG  (ps):                  no_value
Failing Paths:                      0
Cell Area:                    954,272
Total Cell Area:              954,272
Leaf Instances:                   230
Total Instances:                  230
Utilization (%):                 0.00
Tot. Net Length (um):        no_value
Avg. Net Length (um):        no_value
Route Overflow H (%):        no_value
Route Overflow V (%):        no_value
MBCI(%) (bits/gate) :            0.00
Norm Cong Hotspot Area:
  Max Cong:                  no_value
  Tot Cong:                  no_value
================================================================================
CPU  Runtime (h:m:s):        00:00:48
Real Runtime (h:m:s):        00:00:46
CPU  Elapsed (h:m:s):        00:00:52
Real Elapsed (h:m:s):        00:00:46
Memory (MB):                  1628.76
================================================================================
================================================================================
Flow Settings:
================================================================================
Total Runtime (h:m:s): 00:00:47
Total Memory (MB):     1636.77
Executable Version:    23.10-p004_1
================================================================================
Total Cell Area =  Cell Area + Physical Cell Area
Total Instances =  Leaf Instances + Physical Instances


